0 info it worked if it ends with ok
1 verbose cli [ 'C:\\Program Files\\nodejs\\node.exe',
1 verbose cli   'C:\\Users\\ienovo\\AppData\\Roaming\\npm\\node_modules\\npm\\bin\\npm-cli.js',
1 verbose cli   'start' ]
2 info using npm@4.1.1
3 info using node@v6.9.4
4 verbose run-script [ 'prestart', 'start', 'poststart' ]
5 info lifecycle warsha@19.2.17~prestart: warsha@19.2.17
6 silly lifecycle warsha@19.2.17~prestart: no script for prestart, continuing
7 info lifecycle warsha@19.2.17~start: warsha@19.2.17
8 verbose lifecycle warsha@19.2.17~start: unsafe-perm in lifecycle true
9 verbose lifecycle warsha@19.2.17~start: PATH: C:\Users\ienovo\AppData\Roaming\npm\node_modules\npm\bin\node-gyp-bin;C:\Users\ienovo\Desktop\Phase 2\Legacy\warshahFinal\node_modules\.bin;C:\Users\ienovo\bin;C:\Program Files\Git\mingw32\bin;C:\Program Files\Git\usr\local\bin;C:\Program Files\Git\usr\bin;C:\Program Files\Git\usr\bin;C:\Program Files\Git\mingw32\bin;C:\Program Files\Git\usr\bin;C:\Users\ienovo\bin;C:\WINDOWS\system32;C:\WINDOWS;C:\WINDOWS\System32\Wbem;C:\WINDOWS\System32\WindowsPowerShell\v1.0;C:\Program Files\Calibre2;C:\Program Files\Skype\Phone;C:\Program Files\Git\cmd;C:\Program Files\nodejs;C:\Program Files\MySQL\MySQL Utilities 1.6;C:\MongoDB\Server\3.0\bin;C:\Users\ienovo\AppData\Local\Microsoft\WindowsApps;C:\Users\ienovo\AppData\Roaming\npm;C:\Program Files\MySQL\MySQL Server 5.7\bin;C:\Program Files\Heroku\bin;C:\Program Files\Git\usr\bin\vendor_perl;C:\Program Files\Git\usr\bin\core_perl
10 verbose lifecycle warsha@19.2.17~start: CWD: C:\Users\ienovo\Desktop\Phase 2\Legacy\warshahFinal
11 silly lifecycle warsha@19.2.17~start: Args: [ '/d /s /c', 'nodemon server/server.js' ]
12 silly lifecycle warsha@19.2.17~start: Returned: code: 1  signal: null
13 info lifecycle warsha@19.2.17~start: Failed to exec start script
14 verbose stack Error: warsha@19.2.17 start: `nodemon server/server.js`
14 verbose stack Exit status 1
14 verbose stack     at EventEmitter.<anonymous> (C:\Users\ienovo\AppData\Roaming\npm\node_modules\npm\lib\utils\lifecycle.js:279:16)
14 verbose stack     at emitTwo (events.js:106:13)
14 verbose stack     at EventEmitter.emit (events.js:191:7)
14 verbose stack     at ChildProcess.<anonymous> (C:\Users\ienovo\AppData\Roaming\npm\node_modules\npm\lib\utils\spawn.js:40:14)
14 verbose stack     at emitTwo (events.js:106:13)
14 verbose stack     at ChildProcess.emit (events.js:191:7)
14 verbose stack     at maybeClose (internal/child_process.js:877:16)
14 verbose stack     at Process.ChildProcess._handle.onexit (internal/child_process.js:226:5)
15 verbose pkgid warsha@19.2.17
16 verbose cwd C:\Users\ienovo\Desktop\Phase 2\Legacy\warshahFinal\server
17 error Windows_NT 10.0.14393
18 error argv "C:\\Program Files\\nodejs\\node.exe" "C:\\Users\\ienovo\\AppData\\Roaming\\npm\\node_modules\\npm\\bin\\npm-cli.js" "start"
19 error node v6.9.4
20 error npm  v4.1.1
21 error code ELIFECYCLE
22 error warsha@19.2.17 start: `nodemon server/server.js`
22 error Exit status 1
23 error Failed at the warsha@19.2.17 start script 'nodemon server/server.js'.
23 error Make sure you have the latest version of node.js and npm installed.
23 error If you do, this is most likely a problem with the warsha package,
23 error not with npm itself.
23 error Tell the author that this fails on your system:
23 error     nodemon server/server.js
23 error You can get information on how to open an issue for this project with:
23 error     npm bugs warsha
23 error Or if that isn't available, you can get their info via:
23 error     npm owner ls warsha
23 error There is likely additional logging output above.
24 verbose exit [ 1, true ]
